<?xml version="1.0" encoding="UTF-8"?>
<!-- Generated by org.testng.reporters.JUnitXMLReporter -->
<testsuite ignored="0" hostname="Adhvay" failures="0" tests="10" name="Surefire test" time="125.539" errors="0" timestamp="2025-09-24T22:18:12 EDT">
  <testcase classname="com.crm.qa.testcases.ContactsPageTest" name="validateContactsLabelTest" time="0.065"/>
  <testcase classname="com.crm.qa.testcases.ContactsPageTest" name="validateSingleContactTest" time="0.346"/>
  <testcase classname="com.crm.qa.testcases.ContactsPageTest" name="validateCreateContactTest" time="1.663"/>
  <testcase classname="com.crm.qa.testcases.ContactsPageTest" name="validateCreateContactTest" time="1.672"/>
  <testcase classname="com.crm.qa.testcases.ContactsPageTest" name="validateCreateContactTest" time="1.565"/>
  <testcase classname="com.crm.qa.testcases.HomePageTest" name="validateUserNameTest" time="0.819"/>
  <testcase classname="com.crm.qa.testcases.HomePageTest" name="validateContactsLinkTest" time="1.06"/>
  <testcase classname="com.crm.qa.testcases.LoginPageTest" name="loginPageTitleTest" time="0.026"/>
  <testcase classname="com.crm.qa.testcases.LoginPageTest" name="loginPageNavigation" time="4.194"/>
  <testcase classname="com.crm.qa.testcases.LoginPageTest" name="login" time="4.736"/>
</testsuite> <!-- Surefire test -->
