<?xml version="1.0" encoding="UTF-8"?>
<!-- Generated by org.testng.reporters.JUnitXMLReporter -->
<testsuite ignored="0" hostname="Adhvay" failures="0" tests="5" name="Default test" time="35.603" errors="0" timestamp="2025-09-24T10:00:10 EDT">
  <testcase classname="com.crm.qa.testcases.ContactsPageTest" name="validateContactsLabelTest" time="0.029"/>
  <testcase classname="com.crm.qa.testcases.ContactsPageTest" name="validateSingleContactTest" time="0.255"/>
  <testcase classname="com.crm.qa.testcases.ContactsPageTest" name="validateCreateContactTest" time="0.661"/>
  <testcase classname="com.crm.qa.testcases.ContactsPageTest" name="validateCreateContactTest" time="0.637"/>
  <testcase classname="com.crm.qa.testcases.ContactsPageTest" name="validateCreateContactTest" time="0.605"/>
</testsuite> <!-- Default test -->
