<?xml version="1.0" encoding="UTF-8"?>
<testsuite xmlns:xsi="http://www.w3.org/2001/XMLSchema-instance" xsi:noNamespaceSchemaLocation="https://maven.apache.org/surefire/maven-surefire-plugin/xsd/surefire-test-report.xsd" version="3.0.1" name="TestSuite" time="126.454" tests="10" errors="0" skipped="0" failures="0">
  <properties>
[...]
</properties>
  <testcase name="validateContactsLabelTest" classname="com.crm.qa.testcases.ContactsPageTest" time="0.065">
    <system-out><![CDATA[Before finding the element By.name: email
After finding the element By.name: email
Before finding the element By.name: password
After finding the element By.name: password
Before finding the element By.xpath: //div[contains(text(),'Login')]
After finding the element By.xpath: //div[contains(text(),'Login')]
Before Clicking on the element :[[ChromeDriver: chrome on windows (34f15ec501ba573d194a40799e3a14f9)] -> xpath: //div[contains(text(),'Login')]]
After clicking on the element the element is [[ChromeDriver: chrome on windows (34f15ec501ba573d194a40799e3a14f9)] -> xpath: //div[contains(text(),'Login')]]
Before finding the element By.xpath: //a[@href='/contacts']
After finding the element By.xpath: //a[@href='/contacts']
Before Clicking on the element :[[ChromeDriver: chrome on windows (34f15ec501ba573d194a40799e3a14f9)] -> xpath: //a[@href='/contacts']]
After clicking on the element the element is [[ChromeDriver: chrome on windows (34f15ec501ba573d194a40799e3a14f9)] -> xpath: //a[@href='/contacts']]
Before finding the element By.xpath: //span[contains(text(),'Contacts')]
After finding the element By.xpath: //span[contains(text(),'Contacts')]
]]></system-out>
    <system-err><![CDATA[SLF4J(W): No SLF4J providers were found.
SLF4J(W): Defaulting to no-operation (NOP) logger implementation
SLF4J(W): See https://www.slf4j.org/codes.html#noProviders for further details.
Sep 24, 2025 10:16:11 PM org.openqa.selenium.devtools.CdpVersionFinder findNearestMatch
WARNING: Unable to find an exact match for CDP version 140, returning the closest version; found: 139; Please update to a Selenium version that supports CDP version 140
]]></system-err>
  </testcase>
  <testcase name="validateSingleContactTest" classname="com.crm.qa.testcases.ContactsPageTest" time="0.35">
    <system-out><![CDATA[Before finding the element By.name: email
After finding the element By.name: email
Before finding the element By.name: password
After finding the element By.name: password
Before finding the element By.xpath: //div[contains(text(),'Login')]
After finding the element By.xpath: //div[contains(text(),'Login')]
Before Clicking on the element :[[ChromeDriver: chrome on windows (86e93e58e586e58131b8aecdb78b0608)] -> xpath: //div[contains(text(),'Login')]]
After clicking on the element the element is [[ChromeDriver: chrome on windows (86e93e58e586e58131b8aecdb78b0608)] -> xpath: //div[contains(text(),'Login')]]
Before finding the element By.xpath: //a[@href='/contacts']
After finding the element By.xpath: //a[@href='/contacts']
Before Clicking on the element :[[ChromeDriver: chrome on windows (86e93e58e586e58131b8aecdb78b0608)] -> xpath: //a[@href='/contacts']]
After clicking on the element the element is [[ChromeDriver: chrome on windows (86e93e58e586e58131b8aecdb78b0608)] -> xpath: //a[@href='/contacts']]
Before finding the element By.xpath: //a[contains(text(),'Test1 Testlast')]/parent::td//preceding-sibling::td//input[@name='id']
After finding the element By.xpath: //a[contains(text(),'Test1 Testlast')]/parent::td//preceding-sibling::td//input[@name='id']
]]></system-out>
    <system-err><![CDATA[Sep 24, 2025 10:16:25 PM org.openqa.selenium.devtools.CdpVersionFinder findNearestMatch
WARNING: Unable to find an exact match for CDP version 140, returning the closest version; found: 139; Please update to a Selenium version that supports CDP version 140
]]></system-err>
  </testcase>
  <testcase name="validateCreateContactTest[Henry, Ford, Health org](1)" classname="com.crm.qa.testcases.ContactsPageTest" time="1.663">
    <system-out><![CDATA[Before finding the element By.name: email
After finding the element By.name: email
Before finding the element By.name: password
After finding the element By.name: password
Before finding the element By.xpath: //div[contains(text(),'Login')]
After finding the element By.xpath: //div[contains(text(),'Login')]
Before Clicking on the element :[[ChromeDriver: chrome on windows (1c8de8a034946ed53e281ebb2d70ce44)] -> xpath: //div[contains(text(),'Login')]]
After clicking on the element the element is [[ChromeDriver: chrome on windows (1c8de8a034946ed53e281ebb2d70ce44)] -> xpath: //div[contains(text(),'Login')]]
Before finding the element By.xpath: //a[@href='/contacts']
After finding the element By.xpath: //a[@href='/contacts']
Before Clicking on the element :[[ChromeDriver: chrome on windows (1c8de8a034946ed53e281ebb2d70ce44)] -> xpath: //a[@href='/contacts']]
After clicking on the element the element is [[ChromeDriver: chrome on windows (1c8de8a034946ed53e281ebb2d70ce44)] -> xpath: //a[@href='/contacts']]
Before finding the element By.xpath: //button[contains(text(),'Create')]
After finding the element By.xpath: //button[contains(text(),'Create')]
Before Clicking on the element :[[ChromeDriver: chrome on windows (1c8de8a034946ed53e281ebb2d70ce44)] -> xpath: //button[contains(text(),'Create')]]
After clicking on the element the element is [[ChromeDriver: chrome on windows (1c8de8a034946ed53e281ebb2d70ce44)] -> xpath: //button[contains(text(),'Create')]]
Before finding the element By.name: first_name
After finding the element By.name: first_name
Before finding the element By.name: last_name
After finding the element By.name: last_name
Before finding the element By.name: description
After finding the element By.name: description
Before finding the element By.xpath: //button[contains(text(),'Save')]
After finding the element By.xpath: //button[contains(text(),'Save')]
Before Clicking on the element :[[ChromeDriver: chrome on windows (1c8de8a034946ed53e281ebb2d70ce44)] -> xpath: //button[contains(text(),'Save')]]
After clicking on the element the element is [[ChromeDriver: chrome on windows (1c8de8a034946ed53e281ebb2d70ce44)] -> xpath: //button[contains(text(),'Save')]]
]]></system-out>
    <system-err><![CDATA[ERROR StatusLogger Log4j2 could not find a logging implementation. Please add log4j-core to the classpath. Using SimpleLogger to log to the console...
Sep 24, 2025 10:16:40 PM org.openqa.selenium.devtools.CdpVersionFinder findNearestMatch
WARNING: Unable to find an exact match for CDP version 140, returning the closest version; found: 139; Please update to a Selenium version that supports CDP version 140
]]></system-err>
  </testcase>
  <testcase name="validateCreateContactTest[Tim , Hortons, Cafe](2)" classname="com.crm.qa.testcases.ContactsPageTest" time="1.673">
    <system-out><![CDATA[Before finding the element By.name: email
After finding the element By.name: email
Before finding the element By.name: password
After finding the element By.name: password
Before finding the element By.xpath: //div[contains(text(),'Login')]
After finding the element By.xpath: //div[contains(text(),'Login')]
Before Clicking on the element :[[ChromeDriver: chrome on windows (5daa075beeeb88152544f4c3b5bef645)] -> xpath: //div[contains(text(),'Login')]]
After clicking on the element the element is [[ChromeDriver: chrome on windows (5daa075beeeb88152544f4c3b5bef645)] -> xpath: //div[contains(text(),'Login')]]
Before finding the element By.xpath: //a[@href='/contacts']
After finding the element By.xpath: //a[@href='/contacts']
Before Clicking on the element :[[ChromeDriver: chrome on windows (5daa075beeeb88152544f4c3b5bef645)] -> xpath: //a[@href='/contacts']]
After clicking on the element the element is [[ChromeDriver: chrome on windows (5daa075beeeb88152544f4c3b5bef645)] -> xpath: //a[@href='/contacts']]
Before finding the element By.xpath: //button[contains(text(),'Create')]
After finding the element By.xpath: //button[contains(text(),'Create')]
Before Clicking on the element :[[ChromeDriver: chrome on windows (5daa075beeeb88152544f4c3b5bef645)] -> xpath: //button[contains(text(),'Create')]]
After clicking on the element the element is [[ChromeDriver: chrome on windows (5daa075beeeb88152544f4c3b5bef645)] -> xpath: //button[contains(text(),'Create')]]
Before finding the element By.name: first_name
After finding the element By.name: first_name
Before finding the element By.name: last_name
After finding the element By.name: last_name
Before finding the element By.name: description
After finding the element By.name: description
Before finding the element By.xpath: //button[contains(text(),'Save')]
After finding the element By.xpath: //button[contains(text(),'Save')]
Before Clicking on the element :[[ChromeDriver: chrome on windows (5daa075beeeb88152544f4c3b5bef645)] -> xpath: //button[contains(text(),'Save')]]
After clicking on the element the element is [[ChromeDriver: chrome on windows (5daa075beeeb88152544f4c3b5bef645)] -> xpath: //button[contains(text(),'Save')]]
]]></system-out>
    <system-err><![CDATA[Sep 24, 2025 10:16:54 PM org.openqa.selenium.devtools.CdpVersionFinder findNearestMatch
WARNING: Unable to find an exact match for CDP version 140, returning the closest version; found: 139; Please update to a Selenium version that supports CDP version 140
]]></system-err>
  </testcase>
  <testcase name="validateCreateContactTest[Ihop, Break, Rest](3)" classname="com.crm.qa.testcases.ContactsPageTest" time="1.564">
    <system-out><![CDATA[Before finding the element By.name: email
After finding the element By.name: email
Before finding the element By.name: password
After finding the element By.name: password
Before finding the element By.xpath: //div[contains(text(),'Login')]
After finding the element By.xpath: //div[contains(text(),'Login')]
Before Clicking on the element :[[ChromeDriver: chrome on windows (9cbb96f4ca5bdd8c101bbf809004cb1b)] -> xpath: //div[contains(text(),'Login')]]
After clicking on the element the element is [[ChromeDriver: chrome on windows (9cbb96f4ca5bdd8c101bbf809004cb1b)] -> xpath: //div[contains(text(),'Login')]]
Before finding the element By.xpath: //a[@href='/contacts']
After finding the element By.xpath: //a[@href='/contacts']
Before Clicking on the element :[[ChromeDriver: chrome on windows (9cbb96f4ca5bdd8c101bbf809004cb1b)] -> xpath: //a[@href='/contacts']]
After clicking on the element the element is [[ChromeDriver: chrome on windows (9cbb96f4ca5bdd8c101bbf809004cb1b)] -> xpath: //a[@href='/contacts']]
Before finding the element By.xpath: //button[contains(text(),'Create')]
After finding the element By.xpath: //button[contains(text(),'Create')]
Before Clicking on the element :[[ChromeDriver: chrome on windows (9cbb96f4ca5bdd8c101bbf809004cb1b)] -> xpath: //button[contains(text(),'Create')]]
After clicking on the element the element is [[ChromeDriver: chrome on windows (9cbb96f4ca5bdd8c101bbf809004cb1b)] -> xpath: //button[contains(text(),'Create')]]
Before finding the element By.name: first_name
After finding the element By.name: first_name
Before finding the element By.name: last_name
After finding the element By.name: last_name
Before finding the element By.name: description
After finding the element By.name: description
Before finding the element By.xpath: //button[contains(text(),'Save')]
After finding the element By.xpath: //button[contains(text(),'Save')]
Before Clicking on the element :[[ChromeDriver: chrome on windows (9cbb96f4ca5bdd8c101bbf809004cb1b)] -> xpath: //button[contains(text(),'Save')]]
After clicking on the element the element is [[ChromeDriver: chrome on windows (9cbb96f4ca5bdd8c101bbf809004cb1b)] -> xpath: //button[contains(text(),'Save')]]
]]></system-out>
    <system-err><![CDATA[Sep 24, 2025 10:17:08 PM org.openqa.selenium.devtools.CdpVersionFinder findNearestMatch
WARNING: Unable to find an exact match for CDP version 140, returning the closest version; found: 139; Please update to a Selenium version that supports CDP version 140
]]></system-err>
  </testcase>
  <testcase name="validateUserNameTest" classname="com.crm.qa.testcases.HomePageTest" time="0.816">
    <system-out><![CDATA[Before finding the element By.name: email
After finding the element By.name: email
Before finding the element By.name: password
After finding the element By.name: password
Before finding the element By.xpath: //div[contains(text(),'Login')]
After finding the element By.xpath: //div[contains(text(),'Login')]
Before Clicking on the element :[[ChromeDriver: chrome on windows (5e0561b72d6bb6f4d365dd2c089f1756)] -> xpath: //div[contains(text(),'Login')]]
After clicking on the element the element is [[ChromeDriver: chrome on windows (5e0561b72d6bb6f4d365dd2c089f1756)] -> xpath: //div[contains(text(),'Login')]]
Before finding the element By.xpath: //span[contains(@class,'user-display')]
After finding the element By.xpath: //span[contains(@class,'user-display')]
]]></system-out>
    <system-err><![CDATA[Sep 24, 2025 10:17:22 PM org.openqa.selenium.devtools.CdpVersionFinder findNearestMatch
WARNING: Unable to find an exact match for CDP version 140, returning the closest version; found: 139; Please update to a Selenium version that supports CDP version 140
]]></system-err>
  </testcase>
  <testcase name="validateContactsLinkTest" classname="com.crm.qa.testcases.HomePageTest" time="1.057">
    <system-out><![CDATA[Before finding the element By.name: email
After finding the element By.name: email
Before finding the element By.name: password
After finding the element By.name: password
Before finding the element By.xpath: //div[contains(text(),'Login')]
After finding the element By.xpath: //div[contains(text(),'Login')]
Before Clicking on the element :[[ChromeDriver: chrome on windows (f1c0158285e3b4166bf274ebca44b1fd)] -> xpath: //div[contains(text(),'Login')]]
After clicking on the element the element is [[ChromeDriver: chrome on windows (f1c0158285e3b4166bf274ebca44b1fd)] -> xpath: //div[contains(text(),'Login')]]
Before finding the element By.xpath: //a[@href='/contacts']
After finding the element By.xpath: //a[@href='/contacts']
Before Clicking on the element :[[ChromeDriver: chrome on windows (f1c0158285e3b4166bf274ebca44b1fd)] -> xpath: //a[@href='/contacts']]
After clicking on the element the element is [[ChromeDriver: chrome on windows (f1c0158285e3b4166bf274ebca44b1fd)] -> xpath: //a[@href='/contacts']]
]]></system-out>
    <system-err><![CDATA[Sep 24, 2025 10:17:33 PM org.openqa.selenium.devtools.CdpVersionFinder findNearestMatch
WARNING: Unable to find an exact match for CDP version 140, returning the closest version; found: 139; Please update to a Selenium version that supports CDP version 140
]]></system-err>
  </testcase>
  <testcase name="loginPageTitleTest" classname="com.crm.qa.testcases.LoginPageTest" time="0.028">
    <system-err><![CDATA[Sep 24, 2025 10:17:45 PM org.openqa.selenium.devtools.CdpVersionFinder findNearestMatch
WARNING: Unable to find an exact match for CDP version 140, returning the closest version; found: 139; Please update to a Selenium version that supports CDP version 140
]]></system-err>
  </testcase>
  <testcase name="loginPageNavigation" classname="com.crm.qa.testcases.LoginPageTest" time="4.192">
    <system-out><![CDATA[Before finding the element By.xpath: //a[@href='https://ui.freecrm.com/register/']
After finding the element By.xpath: //a[@href='https://ui.freecrm.com/register/']
Before Clicking on the element :[[ChromeDriver: chrome on windows (c9b73e13551fd41ba87ccb30f3d4a46d)] -> xpath: //a[@href='https://ui.freecrm.com/register/']]
After clicking on the element the element is [[ChromeDriver: chrome on windows (c9b73e13551fd41ba87ccb30f3d4a46d)] -> xpath: //a[@href='https://ui.freecrm.com/register/']]
]]></system-out>
    <system-err><![CDATA[Sep 24, 2025 10:17:52 PM org.openqa.selenium.devtools.CdpVersionFinder findNearestMatch
WARNING: Unable to find an exact match for CDP version 140, returning the closest version; found: 139; Please update to a Selenium version that supports CDP version 140
]]></system-err>
  </testcase>
  <testcase name="login" classname="com.crm.qa.testcases.LoginPageTest" time="4.737">
    <system-out><![CDATA[Before finding the element By.name: email
After finding the element By.name: email
Before finding the element By.name: password
After finding the element By.name: password
Before finding the element By.xpath: //div[contains(text(),'Login')]
After finding the element By.xpath: //div[contains(text(),'Login')]
Before Clicking on the element :[[ChromeDriver: chrome on windows (94bb9c0f843404e4fcc237ba42055263)] -> xpath: //div[contains(text(),'Login')]]
After clicking on the element the element is [[ChromeDriver: chrome on windows (94bb9c0f843404e4fcc237ba42055263)] -> xpath: //div[contains(text(),'Login')]]
]]></system-out>
    <system-err><![CDATA[Sep 24, 2025 10:18:01 PM org.openqa.selenium.devtools.CdpVersionFinder findNearestMatch
WARNING: Unable to find an exact match for CDP version 140, returning the closest version; found: 139; Please update to a Selenium version that supports CDP version 140
]]></system-err>
  </testcase>
</testsuite>