<?xml version="1.0" encoding="UTF-8"?>
<!-- Generated by org.testng.reporters.JUnitXMLReporter -->
<testsuite ignored="0" hostname="Adhvay" failures="0" tests="10" name="Free CRM Test" time="66.145" errors="0" timestamp="2025-09-24T11:26:53 EDT">
  <testcase classname="com.crm.qa.testcases.LoginPageTest" name="loginPageTitleTest" time="0.016"/>
  <testcase classname="com.crm.qa.testcases.LoginPageTest" name="loginPageNavigation" time="1.905"/>
  <testcase classname="com.crm.qa.testcases.LoginPageTest" name="login" time="1.992"/>
  <testcase classname="com.crm.qa.testcases.HomePageTest" name="validateUserNameTest" time="0.87"/>
  <testcase classname="com.crm.qa.testcases.HomePageTest" name="validateContactsLinkTest" time="0.864"/>
  <testcase classname="com.crm.qa.testcases.ContactsPageTest" name="validateContactsLabelTest" time="0.035"/>
  <testcase classname="com.crm.qa.testcases.ContactsPageTest" name="validateSingleContactTest" time="0.279"/>
  <testcase classname="com.crm.qa.testcases.ContactsPageTest" name="validateCreateContactTest" time="0.701"/>
  <testcase classname="com.crm.qa.testcases.ContactsPageTest" name="validateCreateContactTest" time="0.67"/>
  <testcase classname="com.crm.qa.testcases.ContactsPageTest" name="validateCreateContactTest" time="0.628"/>
</testsuite> <!-- Free CRM Test -->
